1 entries in records
1 entries in records
🔹 Extracting schema from MySQL source: sakila.actor
🔹 Extracting schema from MySQL source: sakila.actor
✅ Metadata for sakila.actor stored in source_lookup successfully!
✅ Metadata for sakila.actor stored in source_lookup successfully!
✅ Stored procedure ods.usp_SrcToMain_lookup executed successfully!
✅ Stored procedure ods.usp_SrcToMain_lookup executed successfully!
🔹 Generating CREATE TABLE statements from main_lookup...
🔹 Generating CREATE TABLE statements from main_lookup...
✅ Table creation process completed!
✅ Table creation process completed!
🔹 Processing DB record: actor
🔹 Processing DB record: actor
✅ Copied 200 records to staging
✅ Copied 200 records to staging
Finished running source to staging in series
Finished running source to staging in series
Total time taken 0.37 seconds
Total time taken 0.37 seconds
