1 entries in records
1 entries in records
🔹 Extracting schema from MySQL source: sakila.actor
🔹 Extracting schema from MySQL source: sakila.actor
❌ Error processing record actor: (psycopg2.errors.DatatypeMismatch) column "nullable" is of type boolean but expression is of type integer
LINE 1: ...ALUES (1, 'actor_id', 'smallint', NULL, 5.0, 0.0, 0, 'PRIMAR...
                                                             ^
HINT:  You will need to rewrite or cast the expression.

[SQL: INSERT INTO ods.source_lookup (column_id, column_name, source_data_type, length, precision, scale, nullable, key_constraint, source_type, source_schema, source_table, target_table) VALUES (%(column_id__0)s, %(column_name__0)s, %(source_data_type__0)s ... 780 characters truncated ... constraint__3)s, %(source_type__3)s, %(source_schema__3)s, %(source_table__3)s, %(target_table__3)s)]
[parameters: {'nullable__0': 0, 'length__0': None, 'column_id__0': 1, 'target_table__0': 'stg_actor', 'column_name__0': 'actor_id', 'scale__0': 0.0, 'key_constraint__0': 'PRIMARY KEY', 'source_type__0': 'MySQL', 'source_table__0': 'actor', 'precision__0': 5.0, 'source_data_type__0': 'smallint', 'source_schema__0': 'sakila', 'nullable__1': 0, 'length__1': 45.0, 'column_id__1': 2, 'target_table__1': 'stg_actor', 'column_name__1': 'first_name', 'scale__1': None, 'key_constraint__1': '', 'source_type__1': 'MySQL', 'source_table__1': 'actor', 'precision__1': None, 'source_data_type__1': 'varchar', 'source_schema__1': 'sakila', 'nullable__2': 0, 'length__2': 45.0, 'column_id__2': 3, 'target_table__2': 'stg_actor', 'column_name__2': 'last_name', 'scale__2': None, 'key_constraint__2': '', 'source_type__2': 'MySQL', 'source_table__2': 'actor', 'precision__2': None, 'source_data_type__2': 'varchar', 'source_schema__2': 'sakila', 'nullable__3': 0, 'length__3': None, 'column_id__3': 4, 'target_table__3': 'stg_actor', 'column_name__3': 'last_update', 'scale__3': None, 'key_constraint__3': '', 'source_type__3': 'MySQL', 'source_table__3': 'actor', 'precision__3': None, 'source_data_type__3': 'timestamp', 'source_schema__3': 'sakila'}]
(Background on this error at: https://sqlalche.me/e/20/f405)
❌ Error processing record actor: (psycopg2.errors.DatatypeMismatch) column "nullable" is of type boolean but expression is of type integer
LINE 1: ...ALUES (1, 'actor_id', 'smallint', NULL, 5.0, 0.0, 0, 'PRIMAR...
                                                             ^
HINT:  You will need to rewrite or cast the expression.

[SQL: INSERT INTO ods.source_lookup (column_id, column_name, source_data_type, length, precision, scale, nullable, key_constraint, source_type, source_schema, source_table, target_table) VALUES (%(column_id__0)s, %(column_name__0)s, %(source_data_type__0)s ... 780 characters truncated ... constraint__3)s, %(source_type__3)s, %(source_schema__3)s, %(source_table__3)s, %(target_table__3)s)]
[parameters: {'nullable__0': 0, 'length__0': None, 'column_id__0': 1, 'target_table__0': 'stg_actor', 'column_name__0': 'actor_id', 'scale__0': 0.0, 'key_constraint__0': 'PRIMARY KEY', 'source_type__0': 'MySQL', 'source_table__0': 'actor', 'precision__0': 5.0, 'source_data_type__0': 'smallint', 'source_schema__0': 'sakila', 'nullable__1': 0, 'length__1': 45.0, 'column_id__1': 2, 'target_table__1': 'stg_actor', 'column_name__1': 'first_name', 'scale__1': None, 'key_constraint__1': '', 'source_type__1': 'MySQL', 'source_table__1': 'actor', 'precision__1': None, 'source_data_type__1': 'varchar', 'source_schema__1': 'sakila', 'nullable__2': 0, 'length__2': 45.0, 'column_id__2': 3, 'target_table__2': 'stg_actor', 'column_name__2': 'last_name', 'scale__2': None, 'key_constraint__2': '', 'source_type__2': 'MySQL', 'source_table__2': 'actor', 'precision__2': None, 'source_data_type__2': 'varchar', 'source_schema__2': 'sakila', 'nullable__3': 0, 'length__3': None, 'column_id__3': 4, 'target_table__3': 'stg_actor', 'column_name__3': 'last_update', 'scale__3': None, 'key_constraint__3': '', 'source_type__3': 'MySQL', 'source_table__3': 'actor', 'precision__3': None, 'source_data_type__3': 'timestamp', 'source_schema__3': 'sakila'}]
(Background on this error at: https://sqlalche.me/e/20/f405)
Finished running source to staging in series
Finished running source to staging in series
Total time taken 0.16 seconds
Total time taken 0.16 seconds
