1 entries in records
1 entries in records
🔹 Extracting schema from SQL Server source: Sales.salesorderdetail
🔹 Extracting schema from SQL Server source: Sales.salesorderdetail
✅ Metadata for Sales.salesorderdetail stored in source_lookup successfully!
✅ Metadata for Sales.salesorderdetail stored in source_lookup successfully!
✅ Stored procedure ods.usp_SrcToMain_lookup executed successfully!
✅ Stored procedure ods.usp_SrcToMain_lookup executed successfully!
🔹 Generating CREATE TABLE statements from main_lookup...
🔹 Generating CREATE TABLE statements from main_lookup...
✅ Table creation process completed!
✅ Table creation process completed!
🔹 Processing DB record: salesorderdetail
🔹 Processing DB record: salesorderdetail
✅ Copied 121317 records to staging
✅ Copied 121317 records to staging
Finished running source to staging in series
Finished running source to staging in series
Total time taken 35.52 seconds
Total time taken 35.52 seconds
