1 entries in records
1 entries in records
🔹 Extracting schema from SQL Server source: dwh.ga4_details
🔹 Extracting schema from SQL Server source: dwh.ga4_details
✅ Metadata for dwh.ga4_details stored in source_lookup successfully!
✅ Metadata for dwh.ga4_details stored in source_lookup successfully!
✅ Stored procedure ods.usp_SrcToMain_lookup executed successfully!
✅ Stored procedure ods.usp_SrcToMain_lookup executed successfully!
🔹 Generating CREATE TABLE statements from main_lookup...
🔹 Generating CREATE TABLE statements from main_lookup...
✅ Table creation process completed!
✅ Table creation process completed!
🔹 Processing DB record: ga4_details
🔹 Processing DB record: ga4_details
✅ Copied 24194 records to staging
✅ Copied 24194 records to staging
Finished running source to staging in series
Finished running source to staging in series
Total time taken 4.66 seconds
Total time taken 4.66 seconds
